[I 23:02:12.326 NotebookApp] [nb_conda_kernels] enabled, 2 kernels found
[I 23:02:12.688 NotebookApp] The port 8888 is already in use, trying another port.
[I 23:02:13.291 NotebookApp] [nb_anacondacloud] enabled
[I 23:02:13.294 NotebookApp] [nb_conda] enabled
[I 23:02:13.326 NotebookApp] ✓ nbpresent HTML export ENABLED
[W 23:02:13.326 NotebookApp] ✗ nbpresent PDF export DISABLED: No module named nbbrowserpdf.exporters.pdf
[I 23:02:13.328 NotebookApp] Serving notebooks from local directory: /home/ubuntu/learn_fast_ai
[I 23:02:13.328 NotebookApp] 0 active kernels 
[I 23:02:13.328 NotebookApp] The Jupyter Notebook is running at: https://[all ip addresses on your system]:8889/
[I 23:02:13.328 NotebookApp] Use Control-C to stop this server and shut down all kernels (twice to skip confirmation).
[I 23:04:19.041 NotebookApp] [nb_conda_kernels] enabled, 2 kernels found
[I 23:04:19.406 NotebookApp] The port 8888 is already in use, trying another port.
[I 23:04:19.406 NotebookApp] The port 8889 is already in use, trying another port.
[I 23:04:20.001 NotebookApp] [nb_anacondacloud] enabled
[I 23:04:20.004 NotebookApp] [nb_conda] enabled
[I 23:04:20.037 NotebookApp] ✓ nbpresent HTML export ENABLED
[W 23:04:20.037 NotebookApp] ✗ nbpresent PDF export DISABLED: No module named nbbrowserpdf.exporters.pdf
[I 23:04:20.039 NotebookApp] Serving notebooks from local directory: /home/ubuntu/learn_fast_ai
[I 23:04:20.039 NotebookApp] 0 active kernels 
[I 23:04:20.039 NotebookApp] The Jupyter Notebook is running at: https://[all ip addresses on your system]:8890/
[I 23:04:20.040 NotebookApp] Use Control-C to stop this server and shut down all kernels (twice to skip confirmation).
[C 23:05:06.275 NotebookApp] received signal 15, stopping
[I 23:05:06.275 NotebookApp] Shutting down kernels
